<?xml version="1.0" encoding="UTF-8"?>
<testsuite xmlns:xsi="http://www.w3.org/2001/XMLSchema-instance" xsi:noNamespaceSchemaLocation="https://maven.apache.org/surefire/maven-surefire-plugin/xsd/surefire-test-report.xsd" name="LoginUserTest" time="2.888" tests="5" errors="0" skipped="0" failures="0">
  <properties>
[...]
</properties>
  <testcase name="authFailUserWithoutLogin" classname="LoginUserTest" time="0.584"/>
  <testcase name="authFailUserWithoutPassword" classname="LoginUserTest" time="0.479"/>
  <testcase name="authFailUserWithInvalidLogin" classname="LoginUserTest" time="0.488"/>
  <testcase name="authUser" classname="LoginUserTest" time="0.637"/>
  <testcase name="authFailUserWithInvalidPassword" classname="LoginUserTest" time="0.653"/>
</testsuite>